<?xml version="1.0" encoding="UTF-8"?>
<!-- Generated by org.testng.reporters.JUnitReportReporter -->
<testsuite skipped="0" hostname="DESKTOP-1PH10D8" name="learnGETRequest.LearnGETRequest" tests="1" failures="0" timestamp="23 Feb 2022 08:02:20 GMT" time="2.622" errors="0">
  <testcase name="getemployeeId" time="2.622" classname="learnGETRequest.LearnGETRequest"/>
</testsuite> <!-- learnGETRequest.LearnGETRequest -->
